This file contains any messages produced by compilers while
running configure, to aid debugging if configure makes a mistake.

It was created by configure, which was
generated by GNU Autoconf 2.52.  Invocation command line was

  $ ./configure --prefix=/usr/msyslog --sysconfdir=/etc --mandir=/usr/man

## ---------- ##
## Platform.  ##
## ---------- ##

hostname = plato
uname -m = i686
uname -r = 2.2.20
uname -s = Linux
uname -v = #4 Wed Dec 12 18:01:32 CST 2001

/usr/bin/uname -p = unknown
/bin/uname -X     = unknown

/bin/arch              = i686
/usr/bin/arch -k       = unknown
/usr/convex/getsysinfo = unknown
hostinfo               = unknown
/bin/machine           = unknown
/usr/bin/oslevel       = unknown
/bin/universe          = unknown

PATH = /opt/kde/bin:/usr/local/sbin:/usr/local/bin:/sbin:/usr/sbin:/bin:/usr/bin:/usr/berbee/bin:.:/usr/X11R6/bin:/usr/openwin/bin:/usr/games:/usr/berbee/bin:/usr/nessus/bin:/usr/nessus/sbin:/opt/gnome/bin:/opt/www/htdig/bin:/usr/lib/jre1.3.1/bin:/usr/share/texmf/bin:/usr/openwin/bin

## ------------ ##
## Core tests.  ##
## ------------ ##

configure:989: PATH=".;."; conftest.sh
./configure: conftest.sh: command not found
configure:992: $? = 127
configure:1046: checking for gcc
configure:1061: found /usr/bin/gcc
configure:1069: result: gcc
configure:1297: checking for C compiler version
configure:1300: gcc --version </dev/null >&5
2.95.3
configure:1303: $? = 0
configure:1305: gcc -v </dev/null >&5
Reading specs from /usr/lib/gcc-lib/i386-slackware-linux/2.95.3/specs
gcc version 2.95.3 20010315 (release)
configure:1308: $? = 0
configure:1310: gcc -V </dev/null >&5
gcc: argument to `-V' is missing
configure:1313: $? = 1
configure:1333: checking for C compiler default output
configure:1336: gcc    conftest.c  >&5
configure:1339: $? = 0
configure:1368: result: a.out
configure:1373: checking whether the C compiler works
configure:1379: ./a.out
configure:1382: $? = 0
configure:1397: result: yes
configure:1404: checking whether we are cross compiling
configure:1406: result: no
configure:1409: checking for executable suffix
configure:1411: gcc -o conftest    conftest.c  >&5
configure:1414: $? = 0
configure:1436: result: 
configure:1442: checking for object suffix
configure:1460: gcc -c   conftest.c >&5
configure:1463: $? = 0
configure:1482: result: o
configure:1486: checking whether we are using the GNU C compiler
configure:1507: gcc -c   conftest.c >&5
configure:1510: $? = 0
configure:1513: test -s conftest.o
configure:1516: $? = 0
configure:1528: result: yes
configure:1534: checking whether gcc accepts -g
configure:1552: gcc -c -g  conftest.c >&5
configure:1555: $? = 0
configure:1558: test -s conftest.o
configure:1561: $? = 0
configure:1571: result: yes
configure:1598: gcc -c -g -O2  conftest.c >&5
conftest.c:2: parse error before `me'
configure:1601: $? = 1
configure: failed program was:
#ifndef __cplusplus
  choke me
#endif
configure:1736: checking for a BSD compatible install
configure:1785: result: /usr/bin/ginstall -c
configure:1796: checking whether make sets ${MAKE}
configure:1816: result: yes
configure:1830: checking how to run the C preprocessor
configure:1856: gcc -E  conftest.c
configure:1862: $? = 0
configure:1889: gcc -E  conftest.c
configure:1886: ac_nonexistent.h: No such file or directory
configure:1895: $? = 1
configure: failed program was:
#line 1885 "configure"
#include "confdefs.h"
#include <ac_nonexistent.h>
configure:1932: result: gcc -E
configure:1947: gcc -E  conftest.c
configure:1953: $? = 0
configure:1980: gcc -E  conftest.c
configure:1977: ac_nonexistent.h: No such file or directory
configure:1986: $? = 1
configure: failed program was:
#line 1976 "configure"
#include "confdefs.h"
#include <ac_nonexistent.h>
configure:2025: checking for AIX
configure:2044: result: no
configure:2052: checking for dirent.h that defines DIR
configure:2073: gcc -c -g -O2  conftest.c >&5
configure:2076: $? = 0
configure:2079: test -s conftest.o
configure:2082: $? = 0
configure:2092: result: yes
configure:2105: checking for opendir in -ldir
configure:2132: gcc -o conftest -g -O2   conftest.c -ldir   >&5
/usr/i386-slackware-linux/bin/ld: cannot find -ldir
collect2: ld returned 1 exit status
configure:2135: $? = 1
configure: failed program was:
#line 2113 "configure"
#include "confdefs.h"

/* Override any gcc2 internal prototype to avoid an error.  */
#ifdef __cplusplus
extern "C"
#endif
/* We use char because int might match the return type of a gcc2
   builtin and then its argument prototype would still apply.  */
char opendir ();
int
main ()
{
opendir ();
  ;
  return 0;
}
configure:2152: result: no
configure:2214: checking for sys/wait.h that is POSIX.1 compatible
configure:2242: gcc -c -g -O2  conftest.c >&5
configure:2245: $? = 0
configure:2248: test -s conftest.o
configure:2251: $? = 0
configure:2261: result: yes
configure:2276: checking for fcntl.h
configure:2286: gcc -E  conftest.c
configure:2292: $? = 0
configure:2311: result: yes
configure:2276: checking for limits.h
configure:2286: gcc -E  conftest.c
configure:2292: $? = 0
configure:2311: result: yes
configure:2276: checking for paths.h
configure:2286: gcc -E  conftest.c
configure:2292: $? = 0
configure:2311: result: yes
configure:2276: checking for strings.h
configure:2286: gcc -E  conftest.c
configure:2292: $? = 0
configure:2311: result: yes
configure:2276: checking for inttypes.h
configure:2286: gcc -E  conftest.c
configure:2292: $? = 0
configure:2311: result: yes
configure:2276: checking for sys/ioctl.h
configure:2286: gcc -E  conftest.c
configure:2292: $? = 0
configure:2311: result: yes
configure:2276: checking for sys/types.h
configure:2286: gcc -E  conftest.c
configure:2292: $? = 0
configure:2311: result: yes
configure:2276: checking for sys/time.h
configure:2286: gcc -E  conftest.c
configure:2292: $? = 0
configure:2311: result: yes
configure:2276: checking for machine/endian.h
configure:2286: gcc -E  conftest.c
configure:2283: machine/endian.h: No such file or directory
configure:2292: $? = 1
configure: failed program was:
#line 2282 "configure"
#include "confdefs.h"
#include <machine/endian.h>
configure:2311: result: no
configure:2276: checking for syslog.h
configure:2286: gcc -E  conftest.c
configure:2292: $? = 0
configure:2311: result: yes
configure:2276: checking for unistd.h
configure:2286: gcc -E  conftest.c
configure:2292: $? = 0
configure:2311: result: yes
configure:2276: checking for sysctl.h
configure:2286: gcc -E  conftest.c
configure:2283: sysctl.h: No such file or directory
configure:2292: $? = 1
configure: failed program was:
#line 2282 "configure"
#include "confdefs.h"
#include <sysctl.h>
configure:2311: result: no
configure:2276: checking for err.h
configure:2286: gcc -E  conftest.c
configure:2292: $? = 0
configure:2311: result: yes
configure:2276: checking for sys/context.h
configure:2286: gcc -E  conftest.c
configure:2283: sys/context.h: No such file or directory
configure:2292: $? = 1
configure: failed program was:
#line 2282 "configure"
#include "confdefs.h"
#include <sys/context.h>
configure:2311: result: no
configure:2321: checking for gcc option to accept ANSI C
configure:2378: gcc  -c -g -O2  conftest.c >&5
configure:2381: $? = 0
configure:2384: test -s conftest.o
configure:2387: $? = 0
configure:2404: result: none needed
configure:2412: checking for an ANSI C-conforming const
configure:2476: gcc -c -g -O2  conftest.c >&5
configure:2479: $? = 0
configure:2482: test -s conftest.o
configure:2485: $? = 0
configure:2495: result: yes
configure:2505: checking for ANSI C header files
configure:2519: gcc -E  conftest.c
configure:2525: $? = 0
configure:2612: gcc -o conftest -g -O2   conftest.c  >&5
configure:2615: $? = 0
configure:2617: ./conftest
configure:2620: $? = 0
configure:2633: result: yes
configure:2649: checking for sys/types.h
configure:2680: result: yes
configure:2649: checking for sys/stat.h
configure:2661: gcc -c -g -O2  conftest.c >&5
configure:2664: $? = 0
configure:2667: test -s conftest.o
configure:2670: $? = 0
configure:2680: result: yes
configure:2649: checking for stdlib.h
configure:2661: gcc -c -g -O2  conftest.c >&5
configure:2664: $? = 0
configure:2667: test -s conftest.o
configure:2670: $? = 0
configure:2680: result: yes
configure:2649: checking for string.h
configure:2661: gcc -c -g -O2  conftest.c >&5
configure:2664: $? = 0
configure:2667: test -s conftest.o
configure:2670: $? = 0
configure:2680: result: yes
configure:2649: checking for memory.h
configure:2661: gcc -c -g -O2  conftest.c >&5
configure:2664: $? = 0
configure:2667: test -s conftest.o
configure:2670: $? = 0
configure:2680: result: yes
configure:2649: checking for strings.h
configure:2680: result: yes
configure:2649: checking for inttypes.h
configure:2680: result: yes
configure:2649: checking for stdint.h
configure:2661: gcc -c -g -O2  conftest.c >&5
configure:2664: $? = 0
configure:2667: test -s conftest.o
configure:2670: $? = 0
configure:2680: result: yes
configure:2649: checking for unistd.h
configure:2680: result: yes
configure:2690: checking for off_t
configure:2711: gcc -c -g -O2  conftest.c >&5
configure:2714: $? = 0
configure:2717: test -s conftest.o
configure:2720: $? = 0
configure:2730: result: yes
configure:2742: checking for size_t
configure:2763: gcc -c -g -O2  conftest.c >&5
configure:2766: $? = 0
configure:2769: test -s conftest.o
configure:2772: $? = 0
configure:2782: result: yes
configure:2794: checking whether time.h and sys/time.h may both be included
configure:2816: gcc -c -g -O2  conftest.c >&5
configure:2819: $? = 0
configure:2822: test -s conftest.o
configure:2825: $? = 0
configure:2835: result: yes
configure:2845: checking whether struct tm is in sys/time.h or time.h
configure:2865: gcc -c -g -O2  conftest.c >&5
configure:2868: $? = 0
configure:2871: test -s conftest.o
configure:2874: $? = 0
configure:2884: result: time.h
configure:2894: checking for dlopen in -ldl
configure:2921: gcc -o conftest -g -O2   conftest.c -ldl   >&5
configure:2924: $? = 0
configure:2927: test -s conftest
configure:2930: $? = 0
configure:2941: result: yes
configure:2947: checking for connect in -lsocket
configure:2974: gcc -o conftest -g -O2   conftest.c -lsocket   >&5
/usr/i386-slackware-linux/bin/ld: cannot find -lsocket
collect2: ld returned 1 exit status
configure:2977: $? = 1
configure: failed program was:
#line 2955 "configure"
#include "confdefs.h"

/* Override any gcc2 internal prototype to avoid an error.  */
#ifdef __cplusplus
extern "C"
#endif
/* We use char because int might match the return type of a gcc2
   builtin and then its argument prototype would still apply.  */
char connect ();
int
main ()
{
connect ();
  ;
  return 0;
}
configure:2994: result: no
configure:3000: checking for gethostbyname in -lnsl
configure:3027: gcc -o conftest -g -O2   conftest.c -lnsl   >&5
configure:3030: $? = 0
configure:3033: test -s conftest
configure:3036: $? = 0
configure:3047: result: yes
configure:3058: checking whether gcc needs -traditional
configure:3093: result: no
configure:3100: checking for working memcmp
configure:3145: gcc -o conftest -g -O2   conftest.c  >&5
configure:3148: $? = 0
configure:3150: ./conftest
configure:3153: $? = 0
configure:3165: result: yes
configure:3169: checking return type of signal handlers
configure:3197: gcc -c -g -O2  conftest.c >&5
configure:3200: $? = 0
configure:3203: test -s conftest.o
configure:3206: $? = 0
configure:3216: result: void
configure:3226: checking for vprintf
configure:3263: gcc -o conftest -g -O2   conftest.c  >&5
configure:3266: $? = 0
configure:3269: test -s conftest
configure:3272: $? = 0
configure:3282: result: yes
configure:3289: checking for _doprnt
configure:3326: gcc -o conftest -g -O2   conftest.c  >&5
/tmp/ccXINpXH.o: In function `main':
/usr/berbee/Inst/Inst/msyslog-v1.08a/configure:3317: undefined reference to `_doprnt'
collect2: ld returned 1 exit status
configure:3329: $? = 1
configure: failed program was:
#line 3295 "configure"
#include "confdefs.h"
/* System header to define __stub macros and hopefully few prototypes,
    which can conflict with char _doprnt (); below.  */
#include <assert.h>
/* Override any gcc2 internal prototype to avoid an error.  */
#ifdef __cplusplus
extern "C"
#endif
/* We use char because int might match the return type of a gcc2
   builtin and then its argument prototype would still apply.  */
char _doprnt ();
char (*f) ();

int
main ()
{
/* The GNU C library defines this for functions which it implements
    to always fail with ENOSYS.  Some functions are actually named
    something starting with __ and the normal name is an alias.  */
#if defined (__stub__doprnt) || defined (__stub____doprnt)
choke me
#else
f = _doprnt;
#endif

  ;
  return 0;
}
configure:3345: result: no
configure:3365: checking for gethostname
configure:3402: gcc -o conftest -g -O2   conftest.c   -ldl -lnsl >&5
configure:3405: $? = 0
configure:3408: test -s conftest
configure:3411: $? = 0
configure:3421: result: yes
configure:3365: checking for inet_ntop
configure:3402: gcc -o conftest -g -O2   conftest.c   -ldl -lnsl >&5
configure:3405: $? = 0
configure:3408: test -s conftest
configure:3411: $? = 0
configure:3421: result: yes
configure:3365: checking for getaddrinfo
configure:3402: gcc -o conftest -g -O2   conftest.c   -ldl -lnsl >&5
configure:3405: $? = 0
configure:3408: test -s conftest
configure:3411: $? = 0
configure:3421: result: yes
configure:3365: checking for regcomp
configure:3402: gcc -o conftest -g -O2   conftest.c   -ldl -lnsl >&5
configure:3405: $? = 0
configure:3408: test -s conftest
configure:3411: $? = 0
configure:3421: result: yes
configure:3365: checking for poll
configure:3402: gcc -o conftest -g -O2   conftest.c   -ldl -lnsl >&5
configure:3405: $? = 0
configure:3408: test -s conftest
configure:3411: $? = 0
configure:3421: result: yes
configure:3365: checking for select
configure:3402: gcc -o conftest -g -O2   conftest.c   -ldl -lnsl >&5
configure:3405: $? = 0
configure:3408: test -s conftest
configure:3411: $? = 0
configure:3421: result: yes
configure:3365: checking for socket
configure:3402: gcc -o conftest -g -O2   conftest.c   -ldl -lnsl >&5
configure:3405: $? = 0
configure:3408: test -s conftest
configure:3411: $? = 0
configure:3421: result: yes
configure:3365: checking for strdup
configure:3402: gcc -o conftest -g -O2   conftest.c   -ldl -lnsl >&5
configure:3405: $? = 0
configure:3408: test -s conftest
configure:3411: $? = 0
configure:3421: result: yes
configure:3365: checking for strerror
configure:3402: gcc -o conftest -g -O2   conftest.c   -ldl -lnsl >&5
configure:3405: $? = 0
configure:3408: test -s conftest
configure:3411: $? = 0
configure:3421: result: yes
configure:3365: checking for strstr
configure:3402: gcc -o conftest -g -O2   conftest.c   -ldl -lnsl >&5
configure:3405: $? = 0
configure:3408: test -s conftest
configure:3411: $? = 0
configure:3421: result: yes
configure:3365: checking for strtoul
configure:3402: gcc -o conftest -g -O2   conftest.c   -ldl -lnsl >&5
configure:3405: $? = 0
configure:3408: test -s conftest
configure:3411: $? = 0
configure:3421: result: yes
configure:3365: checking for inet_aton
configure:3402: gcc -o conftest -g -O2   conftest.c   -ldl -lnsl >&5
configure:3405: $? = 0
configure:3408: test -s conftest
configure:3411: $? = 0
configure:3421: result: yes
configure:3365: checking for inet_addr
configure:3402: gcc -o conftest -g -O2   conftest.c   -ldl -lnsl >&5
configure:3405: $? = 0
configure:3408: test -s conftest
configure:3411: $? = 0
configure:3421: result: yes
configure:3433: checking whether byte ordering is bigendian
configure:3458: gcc -c -g -O2  conftest.c >&5
configure:3461: $? = 0
configure:3464: test -s conftest.o
configure:3467: $? = 0
configure:3488: gcc -c -g -O2  conftest.c >&5
configure: In function `main':
configure:3479: `not' undeclared (first use in this function)
configure:3479: (Each undeclared identifier is reported only once
configure:3479: for each function it appears in.)
configure:3479: parse error before `big'
configure:3491: $? = 1
configure: failed program was:
#line 3471 "configure"
#include "confdefs.h"
#include <sys/types.h>
#include <sys/param.h>

int
main ()
{
#if BYTE_ORDER != BIG_ENDIAN
 not big endian
#endif

  ;
  return 0;
}
configure:3555: result: no
configure:3592: checking wheter optreset is needed
configure:3607: gcc -o conftest -g -O2 -Wall   conftest.c  >&5
/tmp/ccbjGNA4.o: In function `main':
/usr/berbee/Inst/Inst/msyslog-v1.08a/configure:3600: undefined reference to `optreset'
collect2: ld returned 1 exit status
configure:3610: $? = 1
configure: failed program was:
#line 3595 "configure"
#include "confdefs.h"
#include <unistd.h>
int
main ()
{
extern int optreset; optreset = 1;
  ;
  return 0;
}
configure:3626: result: no
configure:3631: checking pidfile directory
configure:3640: result: root-mode pid file will go in /var/run
configure:3654: checking wether netdb.h requires _USE_IRS
configure:3664: result: no
configure:3668: checking if sigaltstack uses stack_t structure
configure:3683: result: yes
configure:3694: checking for daemon name
configure:3714: result: "syslogd"
configure:3886: checking for sys/klog.h
configure:3896: gcc -E  conftest.c
configure:3902: $? = 0
configure:3921: result: yes
configure:3943: checking for sys/socket.h
configure:3953: gcc -E  conftest.c
configure:3959: $? = 0
configure:3978: result: yes
configure:4000: checking for sys/un.h
configure:4010: gcc -E  conftest.c
configure:4016: $? = 0
configure:4035: result: yes
configure:4078: checking for sys/strlog.h
configure:4088: gcc -E  conftest.c
configure:4085: sys/strlog.h: No such file or directory
configure:4094: $? = 1
configure: failed program was:
#line 4084 "configure"
#include "confdefs.h"
#include <sys/strlog.h>
configure:4113: result: no
configure:4121: checking for door.h
configure:4131: gcc -E  conftest.c
configure:4128: door.h: No such file or directory
configure:4137: $? = 1
configure: failed program was:
#line 4127 "configure"
#include "confdefs.h"
#include <door.h>
configure:4156: result: no
configure:4180: checking for streams module
configure:4182: result: no
configure:4222: `#include' expects "FILENAME" or <FILENAME>
configure:4300: checking for MD5Init
configure:4337: gcc -o conftest -g -O2 -Wall   conftest.c  >&5
/tmp/ccII4kkj.o: In function `main':
/usr/berbee/Inst/Inst/msyslog-v1.08a/configure:4328: undefined reference to `MD5Init'
collect2: ld returned 1 exit status
configure:4340: $? = 1
configure: failed program was:
#line 4306 "configure"
#include "confdefs.h"
/* System header to define __stub macros and hopefully few prototypes,
    which can conflict with char MD5Init (); below.  */
#include <assert.h>
/* Override any gcc2 internal prototype to avoid an error.  */
#ifdef __cplusplus
extern "C"
#endif
/* We use char because int might match the return type of a gcc2
   builtin and then its argument prototype would still apply.  */
char MD5Init ();
char (*f) ();

int
main ()
{
/* The GNU C library defines this for functions which it implements
    to always fail with ENOSYS.  Some functions are actually named
    something starting with __ and the normal name is an alias.  */
#if defined (__stub_MD5Init) || defined (__stub___MD5Init)
choke me
#else
f = MD5Init;
#endif

  ;
  return 0;
}
configure:4356: result: no
configure:4370: checking for SHA1Init
configure:4407: gcc -o conftest -g -O2 -Wall   conftest.c  >&5
/tmp/cc9Cee1F.o: In function `main':
/usr/berbee/Inst/Inst/msyslog-v1.08a/configure:4398: undefined reference to `SHA1Init'
collect2: ld returned 1 exit status
configure:4410: $? = 1
configure: failed program was:
#line 4376 "configure"
#include "confdefs.h"
/* System header to define __stub macros and hopefully few prototypes,
    which can conflict with char SHA1Init (); below.  */
#include <assert.h>
/* Override any gcc2 internal prototype to avoid an error.  */
#ifdef __cplusplus
extern "C"
#endif
/* We use char because int might match the return type of a gcc2
   builtin and then its argument prototype would still apply.  */
char SHA1Init ();
char (*f) ();

int
main ()
{
/* The GNU C library defines this for functions which it implements
    to always fail with ENOSYS.  Some functions are actually named
    something starting with __ and the normal name is an alias.  */
#if defined (__stub_SHA1Init) || defined (__stub___SHA1Init)
choke me
#else
f = SHA1Init;
#endif

  ;
  return 0;
}
configure:4426: result: no
configure:4440: checking for RMD160Init
configure:4477: gcc -o conftest -g -O2 -Wall   conftest.c  >&5
/tmp/ccgptLUX.o: In function `main':
/usr/berbee/Inst/Inst/msyslog-v1.08a/configure:4468: undefined reference to `RMD160Init'
collect2: ld returned 1 exit status
configure:4480: $? = 1
configure: failed program was:
#line 4446 "configure"
#include "confdefs.h"
/* System header to define __stub macros and hopefully few prototypes,
    which can conflict with char RMD160Init (); below.  */
#include <assert.h>
/* Override any gcc2 internal prototype to avoid an error.  */
#ifdef __cplusplus
extern "C"
#endif
/* We use char because int might match the return type of a gcc2
   builtin and then its argument prototype would still apply.  */
char RMD160Init ();
char (*f) ();

int
main ()
{
/* The GNU C library defines this for functions which it implements
    to always fail with ENOSYS.  Some functions are actually named
    something starting with __ and the normal name is an alias.  */
#if defined (__stub_RMD160Init) || defined (__stub___RMD160Init)
choke me
#else
f = RMD160Init;
#endif

  ;
  return 0;
}
configure:4496: result: no
configure:4529: checking for regex.h
configure:4539: gcc -E  conftest.c
configure:4545: $? = 0
configure:4564: result: yes
configure:4630: checking for socklen_t
configure:4654: gcc -c -g -O2 -Wall  conftest.c >&5
configure:4657: $? = 0
configure:4660: test -s conftest.o
configure:4663: $? = 0
configure:4673: result: yes
configure:4683: checking for uint32_t
configure:4704: gcc -c -g -O2 -Wall  conftest.c >&5
configure:4707: $? = 0
configure:4710: test -s conftest.o
configure:4713: $? = 0
configure:4723: result: yes
configure:4733: checking for uint64_t
configure:4754: gcc -c -g -O2 -Wall  conftest.c >&5
configure:4757: $? = 0
configure:4760: test -s conftest.o
configure:4763: $? = 0
configure:4773: result: yes
configure:4783: checking for u_int32_t
configure:4804: gcc -c -g -O2 -Wall  conftest.c >&5
configure:4807: $? = 0
configure:4810: test -s conftest.o
configure:4813: $? = 0
configure:4823: result: yes
configure:4833: checking for u_int64_t
configure:4854: gcc -c -g -O2 -Wall  conftest.c >&5
configure:4857: $? = 0
configure:4860: test -s conftest.o
configure:4863: $? = 0
configure:4873: result: yes
configure:4883: checking for __uint32_t
configure:4904: gcc -c -g -O2 -Wall  conftest.c >&5
configure:4907: $? = 0
configure:4910: test -s conftest.o
configure:4913: $? = 0
configure:4923: result: yes
configure:4933: checking for __uint64_t
configure:4954: gcc -c -g -O2 -Wall  conftest.c >&5
configure:4957: $? = 0
configure:4960: test -s conftest.o
configure:4963: $? = 0
configure:4973: result: yes
configure:4983: checking for CODE
configure:5007: gcc -c -g -O2 -Wall  conftest.c >&5
configure:5010: $? = 0
configure:5013: test -s conftest.o
configure:5016: $? = 0
configure:5026: result: yes
configure:5116: creating ./config.status

## ----------------------- ##
## Running config.status.  ##
## ----------------------- ##

This file was extended by config.status 2.52, executed with
  CONFIG_FILES    = 
  CONFIG_HEADERS  = 
  CONFIG_LINKS    = 
  CONFIG_COMMANDS = 
  > ./config.status 
on plato

config.status:5572: creating Makefile
config.status:5572: creating src/Makefile
config.status:5572: creating src/modules/Makefile
config.status:5572: creating src/peo/Makefile
config.status:5572: creating src/man/Makefile
config.status:5572: creating src/man/BSDmakefile
config.status:5572: creating src/man/GNUmakefile
config.status:5664: creating src/config.h

## ----------------- ##
## Cache variables.  ##
## ----------------- ##

ac_cv_c_bigendian=no
ac_cv_c_compiler_gnu=yes
ac_cv_c_const=yes
ac_cv_env_CC_set=
ac_cv_env_CC_value=
ac_cv_env_CFLAGS_set=
ac_cv_env_CFLAGS_value=
ac_cv_env_CPPFLAGS_set=
ac_cv_env_CPPFLAGS_value=
ac_cv_env_CPP_set=
ac_cv_env_CPP_value=
ac_cv_env_LDFLAGS_set=
ac_cv_env_LDFLAGS_value=
ac_cv_env_build_alias_set=
ac_cv_env_build_alias_value=
ac_cv_env_host_alias_set=
ac_cv_env_host_alias_value=
ac_cv_env_target_alias_set=
ac_cv_env_target_alias_value=
ac_cv_func_MD5Init=no
ac_cv_func_RMD160Init=no
ac_cv_func_SHA1Init=no
ac_cv_func__doprnt=no
ac_cv_func_getaddrinfo=yes
ac_cv_func_gethostname=yes
ac_cv_func_inet_addr=yes
ac_cv_func_inet_aton=yes
ac_cv_func_inet_ntop=yes
ac_cv_func_memcmp_working=yes
ac_cv_func_poll=yes
ac_cv_func_regcomp=yes
ac_cv_func_select=yes
ac_cv_func_socket=yes
ac_cv_func_strdup=yes
ac_cv_func_strerror=yes
ac_cv_func_strstr=yes
ac_cv_func_strtoul=yes
ac_cv_func_vprintf=yes
ac_cv_header_dirent_dirent_h=yes
ac_cv_header_door_h=no
ac_cv_header_err_h=yes
ac_cv_header_fcntl_h=yes
ac_cv_header_inttypes_h=yes
ac_cv_header_limits_h=yes
ac_cv_header_machine_endian_h=no
ac_cv_header_memory_h=yes
ac_cv_header_paths_h=yes
ac_cv_header_regex_h=yes
ac_cv_header_stdc=yes
ac_cv_header_stdint_h=yes
ac_cv_header_stdlib_h=yes
ac_cv_header_string_h=yes
ac_cv_header_strings_h=yes
ac_cv_header_sys_context_h=no
ac_cv_header_sys_ioctl_h=yes
ac_cv_header_sys_klog_h=yes
ac_cv_header_sys_socket_h=yes
ac_cv_header_sys_stat_h=yes
ac_cv_header_sys_strlog_h=no
ac_cv_header_sys_time_h=yes
ac_cv_header_sys_types_h=yes
ac_cv_header_sys_un_h=yes
ac_cv_header_sys_wait_h=yes
ac_cv_header_sysctl_h=no
ac_cv_header_syslog_h=yes
ac_cv_header_time=yes
ac_cv_header_unistd_h=yes
ac_cv_lib_dir_opendir=no
ac_cv_lib_dl_dlopen=yes
ac_cv_lib_nsl_gethostbyname=yes
ac_cv_lib_socket_connect=no
ac_cv_objext=o
ac_cv_path_install=$'/usr/bin/ginstall -c'
ac_cv_prog_CPP=$'gcc -E'
ac_cv_prog_ac_ct_CC=gcc
ac_cv_prog_cc_g=yes
ac_cv_prog_cc_stdc=
ac_cv_prog_gcc_traditional=no
ac_cv_prog_make_make_set=yes
ac_cv_struct_tm=time.h
ac_cv_type_CODE=yes
ac_cv_type___uint32_t=yes
ac_cv_type___uint64_t=yes
ac_cv_type_off_t=yes
ac_cv_type_signal=void
ac_cv_type_size_t=yes
ac_cv_type_socklen_t=yes
ac_cv_type_u_int32_t=yes
ac_cv_type_u_int64_t=yes
ac_cv_type_uint32_t=yes
ac_cv_type_uint64_t=yes

## ------------ ##
## confdefs.h.  ##
## ------------ ##

#define HAVE_DIRENT_H 1
#define HAVE_SYS_WAIT_H 1
#define HAVE_FCNTL_H 1
#define HAVE_LIMITS_H 1
#define HAVE_PATHS_H 1
#define HAVE_STRINGS_H 1
#define HAVE_INTTYPES_H 1
#define HAVE_SYS_IOCTL_H 1
#define HAVE_SYS_TYPES_H 1
#define HAVE_SYS_TIME_H 1
#define HAVE_SYSLOG_H 1
#define HAVE_UNISTD_H 1
#define HAVE_ERR_H 1
#define STDC_HEADERS 1
#define HAVE_SYS_TYPES_H 1
#define HAVE_SYS_STAT_H 1
#define HAVE_STDLIB_H 1
#define HAVE_STRING_H 1
#define HAVE_MEMORY_H 1
#define HAVE_STRINGS_H 1
#define HAVE_INTTYPES_H 1
#define HAVE_STDINT_H 1
#define HAVE_UNISTD_H 1
#define TIME_WITH_SYS_TIME 1
#define SYSLOGD_LIBS $SYSLOGD_LIBS
#define RETSIGTYPE void
#define HAVE_VPRINTF 1
#define HAVE_GETHOSTNAME 1
#define HAVE_INET_NTOP 1
#define HAVE_GETADDRINFO 1
#define HAVE_REGCOMP 1
#define HAVE_POLL 1
#define HAVE_SELECT 1
#define HAVE_SOCKET 1
#define HAVE_STRDUP 1
#define HAVE_STRERROR 1
#define HAVE_STRSTR 1
#define HAVE_STRTOUL 1
#define HAVE_INET_ATON 1
#define HAVE_INET_ADDR 1
#define MSYSLOG_VERSION_STR "1.08"
#define MLIBNAME_STR "libmsyslog.so.1.08"
#define INSTALL_LIBDIR "/usr/msyslog/lib/alat"
#define PID_DIR "/var/run"
#define SIGALTSTACK_WITH_STACK_T 1
#define DLOPEN_FLAGS RTLD_LAZY | RTLD_GLOBAL
#define SYMBOL_PREFIX ""
#define _GNU_SOURCE 1
#define PID_FILE "syslogd.pid"
#define HAVE_LINUX_IMODULE 1
#define HAVE_UNIX_IMODULE 1
#define HAVE_FILE_IMODULE 1
#define HAVE_SOCKLEN_T 1
#define HAVE_UINT32_T 1
#define HAVE_UINT64_T 1
#define HAVE_U_INT32_T 1
#define HAVE_U_INT64_T 1
#define HAVE___UINT32_T 1
#define HAVE___UINT64_T 1
#define HAVE_CODE 1


configure: exit 0
